 
****************************************
Report : area
Design : filter_64
Version: V-2023.12
Date   : Mon Jun  8 16:09:03 2026
****************************************

Library(s) Used:

    saed32rvt_tt0p78vn40c (File: /home/ece/Downloads/C-DAC_july24/ref/lib/stdcell_rvt/saed32rvt_tt0p78vn40c.db)

Number of ports:                           49
Number of nets:                          5842
Number of cells:                         5314
Number of combinational cells:           4980
Number of sequential cells:               320
Number of macros/black boxes:               0
Number of buf/inv:                        963
Number of references:                      45

Combinational area:              12432.978616
Buf/Inv area:                     1233.106693
Noncombinational area:            2119.561028
Macro/Black Box area:                0.000000
Net Interconnect area:            2979.027813

Total cell area:                 14552.539644
Total area:                      17531.567457

Hierarchical area distribution
------------------------------

                                  Global cell area            Local cell area
                                  -------------------  ----------------------------- 
Hierarchical cell                 Absolute    Percent  Combi-      Noncombi-  Black-
                                  Total       Total    national    national   boxes   Design
--------------------------------  ----------  -------  ----------  ---------  ------  ---------
filter_64                         14552.5396    100.0  12432.9786  2119.5610  0.0000  filter_64
--------------------------------  ----------  -------  ----------  ---------  ------  ---------
Total                                                  12432.9786  2119.5610  0.0000

1
